app/build/intermediates/manifest_merge_blame_file/debug/manifest-merger-blame-debug-report.txt
1<?xml version="1.0" encoding="utf-8"?>
2<manifest xmlns:android="http://schemas.android.com/apk/res/android"
3    package="com.example.mapsapp"
4    android:versionCode="1"
5    android:versionName="1.0" >
6
7    <uses-sdk
8        android:minSdkVersion="16"
8-->src\main\AndroidManifest.xml
9        android:targetSdkVersion="30" />
9-->src\main\AndroidManifest.xml
10
11    <uses-permission android:name="android.permission.INTERNET" />
11-->src\main\AndroidManifest.xml:5:5-67
11-->src\main\AndroidManifest.xml:5:22-64
12    <uses-permission android:name="com.google.android.providers.gsf.permission.READ_GSERVICES" />
12-->src\main\AndroidManifest.xml:6:5-98
12-->src\main\AndroidManifest.xml:6:22-95
13    <uses-permission android:name="android.permission.ACCESS_FINE_LOCATION" />
13-->src\main\AndroidManifest.xml:7:5-79
13-->src\main\AndroidManifest.xml:7:22-76
14    <uses-permission android:name="android.permission.ACCESS_COARSE_LOCATION" />
14-->src\main\AndroidManifest.xml:8:5-81
14-->src\main\AndroidManifest.xml:8:22-78
15    <uses-permission android:name="android.permission.ACCESS_WIFI_STATE" /> <!-- Include required permissions for Google Maps API to run. -->
15-->[com.google.android.libraries.places:places:2.3.0] AndroidManifest.xml:10:5-76
15-->[com.google.android.libraries.places:places:2.3.0] AndroidManifest.xml:10:22-73
16    <uses-permission android:name="android.permission.ACCESS_NETWORK_STATE" />
16-->[com.google.android.gms:play-services-maps:17.0.0] AndroidManifest.xml:23:5-79
16-->[com.google.android.gms:play-services-maps:17.0.0] AndroidManifest.xml:23:22-76
17
18    <uses-feature
18-->[com.google.android.gms:play-services-maps:17.0.0] AndroidManifest.xml:26:5-28:35
19        android:glEsVersion="0x00020000"
19-->[com.google.android.gms:play-services-maps:17.0.0] AndroidManifest.xml:27:9-41
20        android:required="true" />
20-->[com.google.android.gms:play-services-maps:17.0.0] AndroidManifest.xml:28:9-32
21
22    <application
22-->src\main\AndroidManifest.xml:10:5-41:19
23        android:name="androidx.multidex.MultiDexApplication"
24        android:allowBackup="true"
24-->src\main\AndroidManifest.xml:11:9-35
25        android:appComponentFactory="androidx.core.app.CoreComponentFactory"
25-->[androidx.core:core:1.1.0] AndroidManifest.xml:24:18-86
26        android:debuggable="true"
27        android:icon="@mipmap/ic_launcher"
27-->src\main\AndroidManifest.xml:12:9-43
28        android:label="@string/app_name"
28-->src\main\AndroidManifest.xml:13:9-41
29        android:roundIcon="@mipmap/ic_launcher_round"
29-->src\main\AndroidManifest.xml:14:9-54
30        android:supportsRtl="true"
30-->src\main\AndroidManifest.xml:15:9-35
31        android:theme="@style/SplashTheme" >
31-->src\main\AndroidManifest.xml:16:9-43
32        <activity android:name="com.example.mapsapp.SplashActivity" >
32-->src\main\AndroidManifest.xml:17:9-22:20
32-->src\main\AndroidManifest.xml:17:19-49
33            <intent-filter>
33-->src\main\AndroidManifest.xml:18:13-21:29
34                <action android:name="android.intent.action.MAIN" />
34-->src\main\AndroidManifest.xml:19:17-69
34-->src\main\AndroidManifest.xml:19:25-66
35
36                <category android:name="android.intent.category.LAUNCHER" />
36-->src\main\AndroidManifest.xml:20:17-77
36-->src\main\AndroidManifest.xml:20:27-74
37            </intent-filter>
38        </activity>
39
40        <uses-library
40-->src\main\AndroidManifest.xml:23:9-25:40
41            android:name="org.apache.http.legacy"
41-->src\main\AndroidManifest.xml:24:13-50
42            android:required="false" />
42-->src\main\AndroidManifest.xml:25:13-37
43
44        <meta-data
44-->src\main\AndroidManifest.xml:27:9-29:46
45            android:name="com.google.android.maps.v2.API_KEY"
45-->src\main\AndroidManifest.xml:28:13-62
46            android:value="@string/mapKey" />
46-->src\main\AndroidManifest.xml:29:13-43
47        <meta-data
47-->src\main\AndroidManifest.xml:31:9-33:69
48            android:name="com.google.android.gms.version"
48-->src\main\AndroidManifest.xml:32:13-58
49            android:value="@integer/google_play_services_version" />
49-->src\main\AndroidManifest.xml:33:13-66
50
51        <activity
51-->src\main\AndroidManifest.xml:35:9-37:47
52            android:name="com.example.mapsapp.MainActivity"
52-->src\main\AndroidManifest.xml:36:13-41
53            android:theme="@style/AppTheme" />
53-->src\main\AndroidManifest.xml:37:13-44
54        <activity
54-->src\main\AndroidManifest.xml:38:9-40:47
55            android:name="com.example.mapsapp.AddressList"
55-->src\main\AndroidManifest.xml:39:13-40
56            android:theme="@style/AppTheme" />
56-->src\main\AndroidManifest.xml:40:13-44
57        <activity
57-->[com.google.android.libraries.places:places:2.3.0] AndroidManifest.xml:14:9-20:20
58            android:name="com.google.android.libraries.places.widget.AutocompleteActivity"
58-->[com.google.android.libraries.places:places:2.3.0] AndroidManifest.xml:15:13-91
59            android:exported="false"
59-->[com.google.android.libraries.places:places:2.3.0] AndroidManifest.xml:16:13-37
60            android:label="@string/places_autocomplete_label"
60-->[com.google.android.libraries.places:places:2.3.0] AndroidManifest.xml:17:13-62
61            android:theme="@style/PlacesAutocompleteOverlay"
61-->[com.google.android.libraries.places:places:2.3.0] AndroidManifest.xml:18:13-61
62            android:windowSoftInputMode="adjustResize" >
62-->[com.google.android.libraries.places:places:2.3.0] AndroidManifest.xml:19:13-55
63        </activity>
64        <activity
64-->[com.google.android.gms:play-services-base:17.0.0] AndroidManifest.xml:23:9-26:75
65            android:name="com.google.android.gms.common.api.GoogleApiActivity"
65-->[com.google.android.gms:play-services-base:17.0.0] AndroidManifest.xml:24:13-79
66            android:exported="false"
66-->[com.google.android.gms:play-services-base:17.0.0] AndroidManifest.xml:25:13-37
67            android:theme="@android:style/Theme.Translucent.NoTitleBar" />
67-->[com.google.android.gms:play-services-base:17.0.0] AndroidManifest.xml:26:13-72
68
69        <service
69-->[com.google.android.datatransport:transport-backend-cct:2.1.0] AndroidManifest.xml:29:9-35:19
70            android:name="com.google.android.datatransport.runtime.backends.TransportBackendDiscovery"
70-->[com.google.android.datatransport:transport-backend-cct:2.1.0] AndroidManifest.xml:30:13-103
71            android:exported="false" >
71-->[com.google.android.datatransport:transport-backend-cct:2.1.0] AndroidManifest.xml:31:13-37
72            <meta-data
72-->[com.google.android.datatransport:transport-backend-cct:2.1.0] AndroidManifest.xml:32:13-34:39
73                android:name="backend:com.google.android.datatransport.cct.CctBackendFactory"
73-->[com.google.android.datatransport:transport-backend-cct:2.1.0] AndroidManifest.xml:33:17-94
74                android:value="cct" />
74-->[com.google.android.datatransport:transport-backend-cct:2.1.0] AndroidManifest.xml:34:17-36
75        </service>
76        <service
76-->[com.google.android.datatransport:transport-runtime:2.1.0] AndroidManifest.xml:26:9-30:19
77            android:name="com.google.android.datatransport.runtime.scheduling.jobscheduling.JobInfoSchedulerService"
77-->[com.google.android.datatransport:transport-runtime:2.1.0] AndroidManifest.xml:27:13-117
78            android:exported="false"
78-->[com.google.android.datatransport:transport-runtime:2.1.0] AndroidManifest.xml:28:13-37
79            android:permission="android.permission.BIND_JOB_SERVICE" >
79-->[com.google.android.datatransport:transport-runtime:2.1.0] AndroidManifest.xml:29:13-69
80        </service>
81
82        <receiver
82-->[com.google.android.datatransport:transport-runtime:2.1.0] AndroidManifest.xml:32:9-34:40
83            android:name="com.google.android.datatransport.runtime.scheduling.jobscheduling.AlarmManagerSchedulerBroadcastReceiver"
83-->[com.google.android.datatransport:transport-runtime:2.1.0] AndroidManifest.xml:33:13-132
84            android:exported="false" />
84-->[com.google.android.datatransport:transport-runtime:2.1.0] AndroidManifest.xml:34:13-37
85
86        <provider
86-->[androidx.lifecycle:lifecycle-process:2.1.0] AndroidManifest.xml:23:9-27:43
87            android:name="androidx.lifecycle.ProcessLifecycleOwnerInitializer"
87-->[androidx.lifecycle:lifecycle-process:2.1.0] AndroidManifest.xml:24:13-79
88            android:authorities="com.example.mapsapp.lifecycle-process"
88-->[androidx.lifecycle:lifecycle-process:2.1.0] AndroidManifest.xml:25:13-69
89            android:exported="false"
89-->[androidx.lifecycle:lifecycle-process:2.1.0] AndroidManifest.xml:26:13-37
90            android:multiprocess="true" />
90-->[androidx.lifecycle:lifecycle-process:2.1.0] AndroidManifest.xml:27:13-40
91    </application>
92
93</manifest>